
--- Job LoadCurves.gms Start 02/08/16 12:10:02 24.1.3 r41464 WEX-WEI x86_64/MS Windows
GAMS 24.1.3   Copyright (C) 1987-2013 GAMS Development. All rights reserved
Licensee: Information Technology, 10 user license        G131120:0812CN-WIN
          King Abdullah Petroleum Studies & Research Center         DC10216
--- Starting compilation
--- LoadCurves.gms(4) 2 Mb
--- .sort_lc_params.gms(1) 2 Mb
--- ..SetsandVariables.gms(164) 4 Mb
--- GDXin=C:\Users\willbj0b\OneDrive\KEM_China\db\setsandparameters.gdx
--- ..SetsandVariables.gms(409) 4 Mb
--- GDXin=C:\Users\willbj0b\OneDrive\KEM_China\db\power.gdx
--- ..SetsandVariables.gms(675) 4 Mb
--- .sort_lc_params.gms(89) 4 Mb
--- LoadCurves.gms(7) 4 Mb
--- GDXin=C:\Users\willbj0b\OneDrive\KEM_China\db\load.gdx
--- LoadCurves.gms(31) 4 Mb
--- GDXin=C:\Users\willbj0b\OneDrive\KEM_China\db\LDC.gdx
--- LoadCurves.gms(35) 8 Mb
--- GDXin=C:\Users\willbj0b\OneDrive\KEM_China\db\power.gdx
--- LoadCurves.gms(44) 8 Mb
--- .rank_lc.gms(11) 8 Mb
--- LoadCurves.gms(47) 8 Mb
--- .discretize_lc.gms(44) 8 Mb
--- LoadCurves.gms(56) 8 Mb
--- .ELtranscoef.gms(33) 8 Mb
--- LoadCurves.gms(71) 8 Mb
--- Starting execution: elapsed 0:00:00.037
--- LoadCurves.gms(803) 9 Mb
GDXRANK          24.1.3 r41464 Released Jul 26, 2013 WEI x86_64/MS Windows    
--- GDXin=C:\Users\willbj0b\OneDrive\KEM_China\db\rank_out.gdx
--- LoadCurves.gms(803) 10 Mb
GDXRANK          24.1.3 r41464 Released Jul 26, 2013 WEI x86_64/MS Windows    
--- GDXin=C:\Users\willbj0b\OneDrive\KEM_China\db\rank_out.gdx
--- LoadCurves.gms(803) 10 Mb
GDXRANK          24.1.3 r41464 Released Jul 26, 2013 WEI x86_64/MS Windows    
--- GDXin=C:\Users\willbj0b\OneDrive\KEM_China\db\rank_out.gdx
GDXRANK          24.1.3 r41464 Released Jul 26, 2013 WEI x86_64/MS Windows    
--- GDXin=C:\Users\willbj0b\OneDrive\KEM_China\db\rank_out.gdx
--- LoadCurves.gms(803) 11 Mb
GDXRANK          24.1.3 r41464 Released Jul 26, 2013 WEI x86_64/MS Windows    
--- GDXin=C:\Users\willbj0b\OneDrive\KEM_China\db\rank_out.gdx
GDXRANK          24.1.3 r41464 Released Jul 26, 2013 WEI x86_64/MS Windows    
--- GDXin=C:\Users\willbj0b\OneDrive\KEM_China\db\rank_out.gdx
--- LoadCurves.gms(803) 11 Mb
GDXRANK          24.1.3 r41464 Released Jul 26, 2013 WEI x86_64/MS Windows    
--- GDXin=C:\Users\willbj0b\OneDrive\KEM_China\db\rank_out.gdx
GDXRANK          24.1.3 r41464 Released Jul 26, 2013 WEI x86_64/MS Windows    
--- GDXin=C:\Users\willbj0b\OneDrive\KEM_China\db\rank_out.gdx
--- LoadCurves.gms(803) 12 Mb
GDXRANK          24.1.3 r41464 Released Jul 26, 2013 WEI x86_64/MS Windows    
--- GDXin=C:\Users\willbj0b\OneDrive\KEM_China\db\rank_out.gdx
GDXRANK          24.1.3 r41464 Released Jul 26, 2013 WEI x86_64/MS Windows    
--- GDXin=C:\Users\willbj0b\OneDrive\KEM_China\db\rank_out.gdx
--- LoadCurves.gms(803) 12 Mb
GDXRANK          24.1.3 r41464 Released Jul 26, 2013 WEI x86_64/MS Windows    
--- GDXin=C:\Users\willbj0b\OneDrive\KEM_China\db\rank_out.gdx
GDXRANK          24.1.3 r41464 Released Jul 26, 2013 WEI x86_64/MS Windows    
--- GDXin=C:\Users\willbj0b\OneDrive\KEM_China\db\rank_out.gdx
--- LoadCurves.gms(918) 13 Mb
*** Status: Normal completion
--- Job LoadCurves.gms Stop 02/08/16 12:10:05 elapsed 0:00:02.447
